[2025-08-05 05:30:54] Creating payment: {"client_id":172280244,"amount":2000,"description":"\u0422\u0435\u0441\u0442\u043e\u0432\u044b\u0439 \u043f\u043b\u0430\u0442\u0435\u0436 \u0447\u0435\u0440\u0435\u0437 API endpoint","payment_method":"card","currency":"RUB"}
[2025-08-05 05:30:54] API Request: POST https://api.alteg.io/api/v1/finance_transactions/729142 - HTTP 200
[2025-08-05 05:30:54] API Success: {"success":true,"data":{"id":525637218,"document_id":0,"date":"2025-08-05 05:30:54","type_id":1,"expense_id":1,"account_id":2665932,"amount":-2000,"client_id":172280244,"master_id":0,"supplier_id":0,"comment":"\u0422\u0435\u0441\u0442\u043e\u0432\u044b\u0439 \u043f\u043b\u0430\u0442\u0435\u0436 \u0447\u0435\u0440\u0435\u0437 API endpoint","item_id":0,"target_type_id":0,"record_id":0,"goods_transaction_id":0,"expense":{"id":1,"title":"Consumables purchase","type":1},"account":{"id":2665932,"title":"\u0422\u0435\u0441\u0442\u043e\u0432\u0430\u044f \u043a\u0430\u0441\u0441\u0430","is_cash":false,"is_default":false},"client":{"id":172280244,"name":"test","phone":"999000999","email":""},"master":[],"supplier":[]},"meta":[]}
[2025-08-05 05:30:54] Payment info saved: {"id":null,"client_id":null,"amount":0,"currency":"RUB","payment_method":"","status":"pending","description":"","created_at":"2025-08-05 05:30:54"}
[2025-08-05 05:30:54] Payment notification sent: 💰 Создан новый платеж
[2025-08-05 05:31:11] Creating payment: {"client_id":172280244,"amount":2000,"description":"\u0422\u0435\u0441\u0442\u043e\u0432\u044b\u0439 \u043f\u043b\u0430\u0442\u0435\u0436 \u0447\u0435\u0440\u0435\u0437 API endpoint","payment_method":"card","currency":"RUB"}
[2025-08-05 05:31:11] API Request: POST https://api.alteg.io/api/v1/finance_transactions/729142 - HTTP 200
[2025-08-05 05:31:11] API Success: {"success":true,"data":{"id":525637247,"document_id":0,"date":"2025-08-05 05:31:11","type_id":1,"expense_id":1,"account_id":2665932,"amount":-2000,"client_id":172280244,"master_id":0,"supplier_id":0,"comment":"\u0422\u0435\u0441\u0442\u043e\u0432\u044b\u0439 \u043f\u043b\u0430\u0442\u0435\u0436 \u0447\u0435\u0440\u0435\u0437 API endpoint","item_id":0,"target_type_id":0,"record_id":0,"goods_transaction_id":0,"expense":{"id":1,"title":"Consumables purchase","type":1},"account":{"id":2665932,"title":"\u0422\u0435\u0441\u0442\u043e\u0432\u0430\u044f \u043a\u0430\u0441\u0441\u0430","is_cash":false,"is_default":false},"client":{"id":172280244,"name":"test","phone":"999000999","email":""},"master":[],"supplier":[]},"meta":[]}
[2025-08-05 05:31:11] Payment info saved: {"id":null,"client_id":null,"amount":0,"currency":"RUB","payment_method":"","status":"pending","description":"","created_at":"2025-08-05 05:31:11"}
[2025-08-05 05:31:11] Payment notification sent: 💰 Создан новый платеж
[2025-08-05 05:49:27] Creating payment: {"client_id":172280244,"amount":50,"description":"\u041e\u043f\u043b\u0430\u0442\u0430 \u0437\u0430 \u0441\u0442\u0440\u0438\u0436\u043a\u0443","payment_method":"card","currency":"RUB"}
[2025-08-05 05:49:28] API Request: POST https://api.alteg.io/api/v1/finance_transactions/729142 - HTTP 200
[2025-08-05 05:49:28] API Success: {"success":true,"data":{"id":525638156,"document_id":0,"date":"2025-08-05 05:49:27","type_id":1,"expense_id":1,"account_id":2665932,"amount":-50,"client_id":172280244,"master_id":0,"supplier_id":0,"comment":"\u041e\u043f\u043b\u0430\u0442\u0430 \u0437\u0430 \u0441\u0442\u0440\u0438\u0436\u043a\u0443","item_id":0,"target_type_id":0,"record_id":0,"goods_transaction_id":0,"expense":{"id":1,"title":"Consumables purchase","type":1},"account":{"id":2665932,"title":"\u0422\u0435\u0441\u0442\u043e\u0432\u0430\u044f \u043a\u0430\u0441\u0441\u0430","is_cash":false,"is_default":false},"client":{"id":172280244,"name":"test","phone":"999000999","email":""},"master":[],"supplier":[]},"meta":[]}
[2025-08-05 05:49:28] Payment info saved: {"id":null,"client_id":null,"amount":0,"currency":"RUB","payment_method":"","status":"pending","description":"","created_at":"2025-08-05 05:49:28"}
[2025-08-05 05:49:28] Payment notification sent: 💰 Создан новый платеж
[2025-08-05 07:41:40] Creating payment: {"client_id":172280244,"amount":5000,"description":"\u041e\u043f\u043b\u0430\u0442\u0430 \u0437\u0430 \u0442\u0440\u0435\u043d\u0435\u0440\u0430","payment_method":"card","currency":"RUB"}
[2025-08-05 07:41:41] API Request: POST https://api.alteg.io/api/v1/finance_transactions/729142 - HTTP 200
[2025-08-05 07:41:41] API Success: {"success":true,"data":{"id":525650079,"document_id":0,"date":"2025-08-05 07:41:40","type_id":1,"expense_id":1,"account_id":2665932,"amount":-5000,"client_id":172280244,"master_id":0,"supplier_id":0,"comment":"\u041e\u043f\u043b\u0430\u0442\u0430 \u0437\u0430 \u0442\u0440\u0435\u043d\u0435\u0440\u0430","item_id":0,"target_type_id":0,"record_id":0,"goods_transaction_id":0,"expense":{"id":1,"title":"Consumables purchase","type":1},"account":{"id":2665932,"title":"\u0422\u0435\u0441\u0442\u043e\u0432\u0430\u044f \u043a\u0430\u0441\u0441\u0430","is_cash":false,"is_default":false},"client":{"id":172280244,"name":"test","phone":"999000999","email":""},"master":[],"supplier":[]},"meta":[]}
[2025-08-05 07:41:41] Payment info saved: {"id":null,"client_id":null,"amount":0,"currency":"RUB","payment_method":"","status":"pending","description":"","created_at":"2025-08-05 07:41:41"}
[2025-08-05 07:41:41] Payment notification sent: 💰 Создан новый платеж
[2025-08-05 08:43:45] Creating payment: {"client_id":172280244,"amount":5000,"description":"\u041e\u043f\u043b\u0430\u0442\u0430 \u0437\u0430 \u0442\u0440\u0435\u043d\u0435\u0440\u0430","payment_method":"card","currency":"RUB"}
[2025-08-05 08:43:46] API Request: POST https://api.alteg.io/api/v1/finance_transactions/729142 - HTTP 200
[2025-08-05 08:43:46] API Success: {"success":true,"data":{"id":525660687,"document_id":0,"date":"2025-08-05 08:43:45","type_id":1,"expense_id":1,"account_id":2665932,"amount":-5000,"client_id":172280244,"master_id":0,"supplier_id":0,"comment":"\u041e\u043f\u043b\u0430\u0442\u0430 \u0437\u0430 \u0442\u0440\u0435\u043d\u0435\u0440\u0430","item_id":0,"target_type_id":0,"record_id":0,"goods_transaction_id":0,"expense":{"id":1,"title":"Consumables purchase","type":1},"account":{"id":2665932,"title":"\u0422\u0435\u0441\u0442\u043e\u0432\u0430\u044f \u043a\u0430\u0441\u0441\u0430","is_cash":false,"is_default":false},"client":{"id":172280244,"name":"test","phone":"999000999","email":""},"master":[],"supplier":[]},"meta":[]}
[2025-08-05 08:43:46] Payment info saved: {"id":null,"client_id":null,"amount":0,"currency":"RUB","payment_method":"","status":"pending","description":"","created_at":"2025-08-05 08:43:46"}
[2025-08-05 08:43:46] Payment notification sent: 💰 Создан новый платеж
[2025-08-06 05:53:43] Creating payment: {"client_id":172280244,"amount":4500,"description":"\u041e\u043f\u043b\u0430\u0442\u0430 \u0437\u0430 \u0442\u0440\u0435\u043d\u0438\u0440\u043e\u0432\u043a\u0438","payment_method":"card","currency":"RUB"}
[2025-08-06 05:53:44] API Request: POST https://api.alteg.io/api/v1/finance_transactions/729142 - HTTP 200
[2025-08-06 05:53:44] API Success: {"success":true,"data":{"id":525786217,"document_id":0,"date":"2025-08-06 05:53:43","type_id":1,"expense_id":1,"account_id":2665932,"amount":-4500,"client_id":172280244,"master_id":0,"supplier_id":0,"comment":"\u041e\u043f\u043b\u0430\u0442\u0430 \u0437\u0430 \u0442\u0440\u0435\u043d\u0438\u0440\u043e\u0432\u043a\u0438","item_id":0,"target_type_id":0,"record_id":0,"goods_transaction_id":0,"expense":{"id":1,"title":"Consumables purchase","type":1},"account":{"id":2665932,"title":"\u0422\u0435\u0441\u0442\u043e\u0432\u0430\u044f \u043a\u0430\u0441\u0441\u0430","is_cash":false,"is_default":false},"client":{"id":172280244,"name":"test","phone":"999000999","email":""},"master":[],"supplier":[]},"meta":[]}
[2025-08-06 05:53:44] Payment info saved: {"id":null,"client_id":null,"amount":0,"currency":"RUB","payment_method":"","status":"pending","description":"","created_at":"2025-08-06 05:53:44"}
[2025-08-06 05:53:44] Payment notification sent: 💰 Создан новый платеж
[2025-08-08 09:23:21] Creating payment: {"client_id":172280244,"amount":4500,"description":"\u041e\u043f\u043b\u0430\u0442\u0430 \u0437\u0430 \u0442\u0440\u0435\u043d\u0438\u0440\u043e\u0432\u043a\u0438","payment_method":"card","currency":"RUB"}
[2025-08-08 09:23:22] API Request: POST https://api.alteg.io/api/v1/finance_transactions/729142 - HTTP 200
[2025-08-08 09:23:22] API Success: {"success":true,"data":{"id":526120922,"document_id":0,"date":"2025-08-08 09:23:21","type_id":1,"expense_id":1,"account_id":2665932,"amount":-4500,"client_id":172280244,"master_id":0,"supplier_id":0,"comment":"\u041e\u043f\u043b\u0430\u0442\u0430 \u0437\u0430 \u0442\u0440\u0435\u043d\u0438\u0440\u043e\u0432\u043a\u0438","item_id":0,"target_type_id":0,"record_id":0,"goods_transaction_id":0,"expense":{"id":1,"title":"Consumables purchase","type":1},"account":{"id":2665932,"title":"\u0422\u0435\u0441\u0442\u043e\u0432\u0430\u044f \u043a\u0430\u0441\u0441\u0430","is_cash":false,"is_default":false},"client":{"id":172280244,"name":"test","phone":"999000999","email":""},"master":[],"supplier":[]},"meta":[]}
[2025-08-08 09:23:22] Payment info saved: {"id":null,"client_id":null,"amount":0,"currency":"RUB","payment_method":"","status":"pending","description":"","created_at":"2025-08-08 09:23:22"}
[2025-08-08 09:23:22] Payment notification sent: 💰 Создан новый платеж
